"../../../../../../Game Projects/TanksGame/Battlegrounds/Content/UI/SettingRow.uasset" 0
"../../../Engine/Content/EngineResources/WhiteSquareTexture.uasset" 1
"../../../../../../Game Projects/TanksGame/Battlegrounds/Content/UI/StyledAutoSettings/SettingControls/StyledSliderSetting.uasset" 2
"../../../../../../Game Projects/TanksGame/Battlegrounds/Content/UI/Pages/GameplaySettingsPage.uasset" 3
"../../../Engine/Content/Functions/Engine_MaterialFunctions01/Opacity/CameraDepthFade.uasset" 4
"../../../Engine/Content/EngineMaterials/T_Default_Material_Grid_M.uasset" 5
"../../../Engine/Content/EngineMaterials/T_Default_Material_Grid_N.uasset" 6
"../../../Engine/Content/EngineMaterials/WorldGridMaterial.uasset" 7
"../../../Engine/Content/ArtTools/RenderToTexture/Meshes/S_1_Unit_Plane.uasset" 8
"../../../Engine/Content/EngineMaterials/DefaultMaterial.uasset" 9
"../../../Engine/Content/BasicShapes/Cone.uasset" 10
"../../../Engine/Content/BasicShapes/Cube.uasset" 11
"../../../Engine/Content/BasicShapes/Cylinder.uasset" 12
"../../../Engine/Content/BasicShapes/Plane.uasset" 13
"../../../Engine/Content/BasicShapes/Sphere.uasset" 14
"../../../Engine/Content/EngineMaterials/DefaultPhysicalMaterial.uasset" 15
"../../../Engine/Content/BufferVisualization/AmbientOcclusion.uasset" 16
"../../../Engine/Content/BufferVisualization/BaseColor.uasset" 17
"../../../Engine/Content/BufferVisualization/CustomDepth.uasset" 18
"../../../Engine/Content/Functions/Engine_MaterialFunctions02/Utility/VectorLength.uasset" 19
"../../../Engine/Content/BufferVisualization/CustomDepthWorldUnits.uasset" 20
"../../../Engine/Content/Functions/Engine_MaterialFunctions02/Utility/BreakOutFloat2Components.uasset" 21
"../../../Engine/Content/Functions/Engine_MaterialFunctions01/Texturing/ScaleUVsByCenter.uasset" 22
"../../../Engine/Content/Functions/Engine_MaterialFunctions02/ScreenResolution.uasset" 23
"../../../Engine/Content/Functions/Engine_MaterialFunctions02/Texturing/ScreenAlignedUVs.uasset" 24
"../../../Engine/Content/Functions/Engine_MaterialFunctions02/Utility/MakeFloat2.uasset" 25
"../../../Engine/Content/Functions/Engine_MaterialFunctions02/Utility/MakeFloat3.uasset" 26
"../../../Engine/Content/EngineMaterials/MiniFont.uasset" 27
"../../../Engine/Content/BufferVisualization/CustomStencil.uasset" 28
"../../../Engine/Content/BufferVisualization/FinalImage.uasset" 29
"../../../Engine/Content/BufferVisualization/LightingModel.uasset" 30
"../../../Engine/Content/BufferVisualization/MaterialAO.uasset" 31
"../../../Engine/Content/BufferVisualization/Metallic.uasset" 32
"../../../Engine/Content/BufferVisualization/Opacity.uasset" 33
"../../../Engine/Content/BufferVisualization/PostTonemapHDRColor.uasset" 34
"../../../Engine/Content/BufferVisualization/PreTonemapHDRColor.uasset" 35
"../../../Engine/Content/BufferVisualization/Roughness.uasset" 36
"../../../Engine/Content/BufferVisualization/SceneColor.uasset" 37
"../../../Engine/Content/BufferVisualization/SceneDepth.uasset" 38
"../../../Engine/Content/BufferVisualization/SceneDepthWorldUnits.uasset" 39
"../../../Engine/Content/BufferVisualization/SeparateTranslucencyA.uasset" 40
"../../../Engine/Content/BufferVisualization/SeparateTranslucencyRGB.uasset" 41
"../../../Engine/Content/BufferVisualization/Specular.uasset" 42
"../../../Engine/Content/BufferVisualization/SubsurfaceColor.uasset" 43
"../../../Engine/Content/BufferVisualization/Velocity.uasset" 44
"../../../Engine/Content/BufferVisualization/WorldNormal.uasset" 45
"../../../Engine/Content/EditorBlueprintResources/ActorMacros.uasset" 46
"../../../Engine/Content/EditorLandscapeResources/DataLayer.uasset" 47
"../../../Engine/Content/EditorLandscapeResources/DefaultAlphaTexture.uasset" 48
"../../../Engine/Content/EditorLandscapeResources/LandscapeGizmoHeight_Mat.uasset" 49
"../../../Engine/Content/EditorLandscapeResources/LandscapeGizmo_Mat.uasset" 50
"../../../Engine/Content/EditorLandscapeResources/LandscapeGizmo_Mat_Copied.uasset" 51
"../../../Engine/Content/EditorLandscapeResources/SplineEditorMeshMat.uasset" 52
"../../../Engine/Content/EditorLandscapeResources/SplineEditorMesh.uasset" 53
"../../../Engine/Content/EditorMaterials/Cross.uasset" 54
"../../../Engine/Content/EditorMaterials/Cross_Mat.uasset" 55
"../../../Engine/Content/EngineMaterials/DefaultDiffuse.uasset" 56
"../../../Engine/Content/Functions/Engine_MaterialFunctions01/Texturing/TextureCropping.uasset" 57
"../../../Engine/Content/Functions/Engine_MaterialFunctions01/Texturing/ComputeMipLevel.uasset" 58
"../../../Engine/Content/Functions/Engine_MaterialFunctions02/ExampleContent/DebugNumberStrip.uasset" 59
"../../../Engine/Content/Functions/Engine_MaterialFunctions02/ExampleContent/Textures/DebugNumberPeriod.uasset" 60
"../../../Engine/Content/Functions/Engine_MaterialFunctions02/Utility/DebugScalarValues.uasset" 61
"../../../Engine/Content/Functions/Engine_MaterialFunctions02/Utility/DebugFloat2Values.uasset" 62
"../../../Engine/Content/Functions/Engine_MaterialFunctions02/ExampleContent/Textures/flipbook.uasset" 63
"../../../Engine/Content/Functions/Engine_MaterialFunctions02/Texturing/FlipBook.uasset" 64
"../../../Engine/Content/Functions/Engine_MaterialFunctions02/Utility/Sign.uasset" 65
"../../../Engine/Content/Functions/Engine_MaterialFunctions02/Utility/Round.uasset" 66
"../../../Engine/Content/EditorResources/T_EditorHelp.uasset" 67
"../../../Engine/Content/EditorMaterials/HelpActorMaterial.uasset" 68
"../../../Engine/Content/EditorMaterials/CompositeARGBLayer.uasset" 69
"../../../Engine/Content/EditorMaterials/TilingAALineIntegral.uasset" 70
"../../../Engine/Content/EditorMaterials/TilingAALineBoxFiltered.uasset" 71
"../../../Engine/Content/Functions/Engine_MaterialFunctions03/Procedurals/ComputeFilterWidth.uasset" 72
"../../../Engine/Content/EditorMaterials/TilingAADots.uasset" 73
"../../../Engine/Content/EngineMaterials/BlendFunc_DefBase.uasset" 74
"../../../Engine/Content/EngineMaterials/BlendFunc_DefBlend.uasset" 75
"../../../Engine/Content/Functions/Engine_MaterialFunctions03/Blends/Blend_Screen.uasset" 76
"../../../Engine/Content/EditorMaterials/TilingAAGrid.uasset" 77
"../../../Engine/Content/EditorMaterials/LevelGridMaterial.uasset" 78
"../../../Engine/Content/EditorMaterials/MakeCompositeARGBLayer.uasset" 79
"../../../Engine/Content/EditorResources/LevelGrid1DStripes.uasset" 80
"../../../Engine/Content/EditorMaterials/TextureGridCascaded1D.uasset" 81
"../../../Engine/Content/EditorMaterials/TextureGridCascaded2D.uasset" 82
"../../../Engine/Content/EditorMaterials/LevelGridMaterial2.uasset" 83
"../../../Engine/Content/EditorMaterials/MAT_Groups_Toggle.uasset" 84
"../../../Engine/Content/EditorMaterials/MAT_Groups_Visibility.uasset" 85
"../../../Engine/Content/EditorMaterials/AntialiasedGridFloor.uasset" 86
"../../../Engine/Content/EditorResources/TilePatine_D.uasset" 87
"../../../Engine/Content/EditorResources/TilePatine_N.uasset" 88
"../../../Engine/Content/EngineMaterials/Grid.uasset" 89
"../../../Engine/Content/EditorMaterials/PersonaFloorMat.uasset" 90
"../../../Engine/Content/EditorMaterials/PhAT_BoneSelectedMaterial.uasset" 91
"../../../Engine/Content/EditorMaterials/PhAT_ElemSelectedMaterial.uasset" 92
"../../../Engine/Content/EditorMaterials/PhAT_NoCollisionMaterial.uasset" 93
"../../../Engine/Content/EditorMaterials/PhAT_UnselectedMaterial.uasset" 94
"../../../Engine/Content/EditorMaterials/PreviewShadowIndicator.uasset" 95
"../../../Engine/Content/EditorMaterials/PreviewShadowIndicatorMaterial.uasset" 96
"../../../Engine/Content/EditorMaterials/TargetIcon.uasset" 97
"../../../Engine/Content/EditorMaterials/Tick.uasset" 98
"../../../Engine/Content/EditorMaterials/Tick_Mat.uasset" 99
"../../../Engine/Content/EditorMaterials/WidgetGridVertexColorMaterial.uasset" 100
"../../../Engine/Content/EditorMaterials/WidgetGridVertexColorMaterial_Ma.uasset" 101
"../../../Engine/Content/EditorMaterials/WidgetMaterial.uasset" 102
"../../../Engine/Content/EditorMaterials/WidgetMaterial_Current.uasset" 103
"../../../Engine/Content/EditorMaterials/WidgetMaterial_X.uasset" 104
"../../../Engine/Content/EditorMaterials/WidgetMaterial_Y.uasset" 105
"../../../Engine/Content/EditorMaterials/WidgetMaterial_Z.uasset" 106
"../../../Engine/Content/EditorMaterials/WidgetVertexColorMaterial.uasset" 107
"../../../Engine/Content/EditorMaterials/MatineeGroups/MAT_ColorTrack.uasset" 108
"../../../Engine/Content/EditorMaterials/MatineeGroups/MAT_Groups_Anim.uasset" 109
"../../../Engine/Content/EditorMaterials/MatineeGroups/MAT_Groups_AudioMaster.uasset" 110
"../../../Engine/Content/EditorMaterials/MatineeGroups/MAT_Groups_Director.uasset" 111
"../../../Engine/Content/EditorMaterials/MatineeGroups/MAT_Groups_Event.uasset" 112
"../../../Engine/Content/EditorMaterials/MatineeGroups/MAT_Groups_Fade.uasset" 113
"../../../Engine/Content/EditorMaterials/MatineeGroups/MAT_Groups_Float.uasset" 114
"../../../Engine/Content/EditorMaterials/MatineeGroups/MAT_Groups_Move.uasset" 115
"../../../Engine/Content/EditorMaterials/MatineeGroups/MAT_Groups_Slomo.uasset" 116
"../../../Engine/Content/EditorMaterials/MatineeGroups/MAT_Groups_Sound.uasset" 117
"../../../Engine/Content/EditorMaterials/MatineeGroups/MAT_Groups_Vector.uasset" 118
"../../../Engine/Content/EditorMaterials/ParticleSystems/PSysThumbnail_NoImage.uasset" 119
"../../../Engine/Content/EditorMaterials/ParticleSystems/PSysThumbnail_OOD.uasset" 120
"../../../Engine/Content/EditorMaterials/Thumbnails/FloorPlaneMaterial.uasset" 121
"../../../Engine/Content/EditorMeshes/EditorCube.uasset" 122
"../../../Engine/Content/EditorMeshes/EditorCylinder.uasset" 123
"../../../Engine/Content/EditorMeshes/EditorPlane.uasset" 124
"../../../Engine/Content/EditorMaterials/Thumbnails/SkySphereMaterial.uasset" 125
"../../../Engine/Content/EditorMeshes/EditorSkySphere.uasset" 126
"../../../Engine/Content/EditorMeshes/EditorSphere.uasset" 127
"../../../Engine/Content/EditorResources/MatineeCam_D.uasset" 128
"../../../Engine/Content/EditorMaterials/MatineeCam_mat.uasset" 129
"../../../Engine/Content/EditorMeshes/MatineeCam_SM.uasset" 130
"../../../Engine/Content/Functions/Engine_MaterialFunctions01/Shading/ConvertFromDiffSpec.uasset" 131
"../../../Engine/Content/EditorMaterials/GridMaterial.uasset" 132
"../../../Engine/Content/EditorMeshes/PhAT_FloorBox.uasset" 133
"../../../Engine/Content/EditorMeshes/PlanarReflectionPlane.uasset" 134
"../../../Engine/Content/EditorMaterials/Camera/CineMat.uasset" 135
"../../../Engine/Content/EditorMaterials/Camera/MI_CineMat_CameraBody.uasset" 136
"../../../Engine/Content/EngineDebugMaterials/M_SimpleOpaque.uasset" 137
"../../../Engine/Content/EditorMaterials/Camera/MI_CineMat_CamViewFinder.uasset" 138
"../../../Engine/Content/EditorMeshes/Camera/SM_CineCam.uasset" 139
"../../../Engine/Content/EditorMaterials/Camera/MI_CineMat_Rig.uasset" 140
"../../../Engine/Content/EditorMeshes/Camera/SM_CraneRig_Arm.uasset" 141
"../../../Engine/Content/EditorMeshes/Camera/SM_CraneRig_Base.uasset" 142
"../../../Engine/Content/EditorMeshes/Camera/SM_CraneRig_Body.uasset" 143
"../../../Engine/Content/EditorMeshes/Camera/SM_CraneRig_Mount.uasset" 144
"../../../Engine/Content/EditorMeshes/Camera/SM_RailRig_Mount.uasset" 145
"../../../Engine/Content/EditorMeshes/Camera/SM_RailRig_Track.uasset" 146
"../../../Engine/Content/EditorMeshes/ColorCalibrator/M_ChromeBall.uasset" 147
"../../../Engine/Content/EditorResources/Bad.uasset" 148
"../../../Engine/Content/EditorResources/BSPVertex.uasset" 149
"../../../Engine/Content/EditorResources/EmptyActor.uasset" 150
"../../../Engine/Content/EditorResources/MatInstActSprite.uasset" 151
"../../../Engine/Content/EditorResources/SceneManager.uasset" 152
"../../../Engine/Content/EditorResources/SmallFont.uasset" 153
"../../../Engine/Content/EditorResources/S_Actor.uasset" 154
"../../../Engine/Content/EditorResources/S_DecalActorIcon.uasset" 155
"../../../Engine/Content/EditorResources/S_Emitter.uasset" 156
"../../../Engine/Content/EditorResources/S_ExpoHeightFog.uasset" 157
"../../../Engine/Content/EditorResources/S_FTest.uasset" 158
"../../../Engine/Content/EditorResources/S_KBSJoint.uasset" 159
"../../../Engine/Content/EditorResources/S_KHinge.uasset" 160
"../../../Engine/Content/EditorResources/S_KPrismatic.uasset" 161
"../../../Engine/Content/EditorResources/S_LevelSequence.uasset" 162
"../../../Engine/Content/EditorResources/S_NavP.uasset" 163
"../../../Engine/Content/EditorResources/S_Note.uasset" 164
"../../../Engine/Content/EditorResources/S_Player.uasset" 165
"../../../Engine/Content/EditorResources/S_PortalActorIcon2.uasset" 166
"../../../Engine/Content/EditorResources/S_RadForce.uasset" 167
"../../../Engine/Content/EditorResources/S_ReflActorIcon.uasset" 168
"../../../Engine/Content/EditorResources/S_SkyAtmosphere.uasset" 169
"../../../Engine/Content/EditorResources/S_Solver.uasset" 170
"../../../Engine/Content/EditorResources/S_Terrain.uasset" 171
"../../../Engine/Content/EditorResources/S_TextRenderActorIcon.uasset" 172
"../../../Engine/Content/EditorResources/S_Thruster.uasset" 173
"../../../Engine/Content/EditorResources/S_Trigger.uasset" 174
"../../../Engine/Content/EditorResources/S_VectorFieldVol.uasset" 175
"../../../Engine/Content/EditorResources/S_WindDirectional.uasset" 176
"../../../Engine/Content/EditorResources/AI/S_NavLink.uasset" 177
"../../../Engine/Content/EditorResources/LightIcons/SkyLight.uasset" 178
"../../../Engine/Content/EditorResources/LightIcons/S_LightDirectional.uasset" 179
"../../../Engine/Content/EditorResources/LightIcons/S_LightDirectionalMove.uasset" 180
"../../../Engine/Content/EditorResources/LightIcons/S_LightError.uasset" 181
"../../../Engine/Content/EditorResources/LightIcons/S_LightPoint.uasset" 182
"../../../Engine/Content/EditorResources/LightIcons/S_LightPointMove.uasset" 183
"../../../Engine/Content/EditorResources/LightIcons/S_LightSpot.uasset" 184
"../../../Engine/Content/EditorResources/LightIcons/S_LightSpotMove.uasset" 185
"../../../Engine/Content/EditorResources/SequenceRecorder/Countdown.uasset" 186
"../../../Engine/Content/EditorResources/SequenceRecorder/RecordingIndicator.uasset" 187
"../../../Engine/Content/EditorResources/Spline/T_Loft_Spline.uasset" 188
"../../../Engine/Content/EditorSounds/Notifications/CompileFailed.uasset" 189
"../../../Engine/Content/EditorSounds/Notifications/CompileFailed_Cue.uasset" 190
"../../../Engine/Content/EditorSounds/Notifications/CompileSuccess.uasset" 191
"../../../Engine/Content/EditorSounds/Notifications/CompileStart_Cue.uasset" 192
"../../../Engine/Content/EditorSounds/Notifications/CompileSuccess_Cue.uasset" 193
"../../../Engine/Content/EngineDamageTypes/DmgTypeBP_Environmental.uasset" 194
"../../../Engine/Content/EngineDebugMaterials/HeatmapGradient.uasset" 195
"../../../Engine/Content/EngineDebugMaterials/BoneWeightMaterial.uasset" 196
"../../../Engine/Content/EngineDebugMaterials/ClothMaterial.uasset" 197
"../../../Engine/Content/EngineDebugMaterials/ClothMaterial_WF.uasset" 198
"../../../Engine/Content/EngineDebugMaterials/DebugEditorMaterial.uasset" 199
"../../../Engine/Content/EngineDebugMaterials/DebugMeshMaterial.uasset" 200
"../../../Engine/Content/EngineDebugMaterials/GeomMaterial.uasset" 201
"../../../Engine/Content/EngineDebugMaterials/LevelColorationLitMaterial.uasset" 202
"../../../Engine/Content/EngineDebugMaterials/LevelColorationUnlitMaterial.uasset" 203
"../../../Engine/Content/EngineMaterials/DefaultWhiteGrid.uasset" 204
"../../../Engine/Content/EngineDebugMaterials/MAT_LevelColorationLitLightmapUV.uasset" 205
"../../../Engine/Content/EngineDebugMaterials/M_SimpleTranslucent.uasset" 206
"../../../Engine/Content/Functions/Engine_MaterialFunctions02/Utility/CameraDirectionVector.uasset" 207
"../../../Engine/Content/EngineDebugMaterials/VolumeToRender.uasset" 208
"../../../Engine/Content/EngineDebugMaterials/M_VolumeRenderSphereTracePP.uasset" 209
"../../../Engine/Content/EngineDebugMaterials/ShadedLevelColorationLitMaterial.uasset" 210
"../../../Engine/Content/EngineDebugMaterials/ShadedLevelColorationUnlitMateri.uasset" 211
"../../../Engine/Content/EngineDebugMaterials/VertexColorMaterial.uasset" 212
"../../../Engine/Content/EngineDebugMaterials/VertexColorViewMode_AlphaAsColor.uasset" 213
"../../../Engine/Content/EngineDebugMaterials/VertexColorViewMode_BlueOnly.uasset" 214
"../../../Engine/Content/EngineDebugMaterials/VertexColorViewMode_ColorOnly.uasset" 215
"../../../Engine/Content/EngineDebugMaterials/VertexColorViewMode_GreenOnly.uasset" 216
"../../../Engine/Content/EngineDebugMaterials/VertexColorViewMode_RedOnly.uasset" 217
"../../../Engine/Content/EngineDebugMaterials/WireframeMaterial.uasset" 218
"../../../Engine/Content/EngineFonts/Faces/DroidSansFallback.uasset" 219
"../../../Engine/Content/EngineFonts/Faces/RobotoBold.uasset" 220
"../../../Engine/Content/EngineFonts/Faces/RobotoBoldItalic.uasset" 221
"../../../Engine/Content/EngineFonts/Faces/RobotoItalic.uasset" 222
"../../../Engine/Content/EngineFonts/Faces/RobotoLight.uasset" 223
"../../../Engine/Content/EngineFonts/Faces/RobotoRegular.uasset" 224
"../../../Engine/Content/EngineFonts/Roboto.uasset" 225
"../../../Engine/Content/EngineFonts/Faces/RobotoTiny.uasset" 226
"../../../Engine/Content/EngineFonts/RobotoTiny.uasset" 227
"../../../Engine/Content/EngineFonts/SmallFont.uasset" 228
"../../../Engine/Content/EngineFonts/TinyFont.uasset" 229
"../../../Engine/Content/EngineMaterials/BaseFlattenDiffuseMap.uasset" 230
"../../../Engine/Content/EngineMaterials/BaseFlattenEmissiveMap.uasset" 231
"../../../Engine/Content/EngineMaterials/BaseFlattenGrayscaleMap.uasset" 232
"../../../Engine/Content/EngineMaterials/BaseFlattenNormalMap.uasset" 233
"../../../Engine/Content/EngineMaterials/BaseFlattenMaterial.uasset" 234
"../../../Engine/Content/EngineMaterials/BlinkingCaret.uasset" 235
"../../../Engine/Content/EngineMaterials/BlueNoise.uasset" 236
"../../../Engine/Content/EngineMaterials/DefaultBloomKernel.uasset" 237
"../../../Engine/Content/EngineMaterials/DefaultBokeh.uasset" 238
"../../../Engine/Content/EngineMaterials/DefaultDeferredDecalMaterial.uasset" 239
"../../../Engine/Content/EngineMaterials/DefaultLightFunctionMaterial.uasset" 240
"../../../Engine/Content/EngineMaterials/DefaultNormal.uasset" 241
"../../../Engine/Content/EngineMaterials/DefaultPostProcessMaterial.uasset" 242
"../../../Engine/Content/EngineFonts/RobotoDistanceField.uasset" 243
"../../../Engine/Content/EngineMaterials/DefaultTextMaterialOpaque.uasset" 244
"../../../Engine/Content/EngineMaterials/DefaultVirtualTextureMaterial.uasset" 245
"../../../Engine/Content/EngineMaterials/EditorBrushMaterial.uasset" 246
"../../../Engine/Content/EngineMaterials/DefaultWhiteGrid_Low.uasset" 247
"../../../Engine/Content/EngineMaterials/EmissiveMeshMaterial.uasset" 248
"../../../Engine/Content/EngineMaterials/GizmoMaterial.uasset" 249
"../../../Engine/Content/EngineMaterials/Good64x64TilingNoiseHighFreq.uasset" 250
"../../../Engine/Content/EngineMaterials/Grid_N.uasset" 251
"../../../Engine/Content/EngineMaterials/HairColorMap.uasset" 252
"../../../Engine/Content/EngineMaterials/HairDebugColor.uasset" 253
"../../../Engine/Content/EngineMaterials/HairDebugMaterial.uasset" 254
"../../../Engine/Content/EngineMaterials/HairDefaultMaterial.uasset" 255
"../../../Engine/Content/EngineMaterials/HighResolutionScreenshotMaskFunction.uasset" 256
"../../../Engine/Content/EngineMaterials/HighResScreenshot.uasset" 257
"../../../Engine/Content/EngineMaterials/HighResScreenshotCaptureRegion.uasset" 258
"../../../Engine/Content/EngineMaterials/HighResScreenshotMask.uasset" 259
"../../../Engine/Content/EngineMaterials/LandscapeHolePhysicalMaterial.uasset" 260
"../../../Engine/Content/EngineMaterials/InvalidLightmapSettings.uasset" 261
"../../../Engine/Content/EngineMaterials/M_InvalidLightmapSettings.uasset" 262
"../../../Engine/Content/EngineMaterials/PaperDiffuse.uasset" 263
"../../../Engine/Content/EngineMaterials/PaperNormal.uasset" 264
"../../../Engine/Content/Functions/Engine_MaterialFunctions02/WorldPositionOffset/CameraOffset.uasset" 265
"../../../Engine/Content/EngineMaterials/PhAT_JointLimitMaterial.uasset" 266
"../../../Engine/Content/EngineMaterials/PhysMat_Rubber.uasset" 267
"../../../Engine/Content/EngineMaterials/PreintegratedSkinBRDF.uasset" 268
"../../../Engine/Content/EngineMaterials/RemoveSurfaceMaterial.uasset" 269
"../../../Engine/Content/EngineMaterials/WeightMapPlaceholderTexture.uasset" 270
"../../../Engine/Content/Functions/Engine_MaterialFunctions01/ImageAdjustment/sRGBToLinear.uasset" 271
"../../../Engine/Content/Functions/Engine_MaterialFunctions02/Utility/BreakOutFloat3Components.uasset" 272
"../../../Engine/Content/EngineMaterials/Widget3DCameraPassThrough_Opaque_OneSided.uasset" 273
"../../../Engine/Content/EngineMaterials/Widget3DPassThrough.uasset" 274
"../../../Engine/Content/EngineMaterials/Widget3DPassThrough_Masked.uasset" 275
"../../../Engine/Content/EngineMaterials/Widget3DPassThrough_Opaque.uasset" 276
"../../../Engine/Content/EngineMaterials/Widget3DPassThrough_Masked_OneSided.uasset" 277
"../../../Engine/Content/EngineMaterials/Widget3DPassThrough_Opaque_OneSided.uasset" 278
"../../../Engine/Content/EngineMaterials/Widget3DPassThrough_Translucent.uasset" 279
"../../../Engine/Content/EngineMaterials/Widget3DPassThrough_Translucent_OneSided.uasset" 280
"../../../Engine/Content/EngineMeshes/Cylinder.uasset" 281
"../../../Engine/Content/EngineMeshes/Sphere.uasset" 282
"../../../Engine/Content/EngineResources/Black.uasset" 283
"../../../Engine/Content/EngineResources/DefaultTextureCube.uasset" 284
"../../../Engine/Content/EngineResources/DefaultVolumeTexture2D.uasset" 285
"../../../Engine/Content/EngineResources/DefaultVolumeTexture.uasset" 286
"../../../Engine/Content/EngineResources/GradientTexture0.uasset" 287
"../../../Engine/Content/EngineResources/StreamingPauseIcon.uasset" 288
"../../../Engine/Content/EngineResources/M_StreamingPause.uasset" 289
"../../../Engine/Content/EngineSounds/Master.uasset" 290
"../../../Engine/Content/Functions/Engine_MaterialFunctions01/Shading/PowerToRoughness.uasset" 291
"../../../Engine/Content/Maps/Templates/Thumbnails/Default.uasset" 292
"../../../Engine/Content/Maps/Templates/Thumbnails/TimeOfDay.uasset" 293
"../../../Engine/Content/Maps/Templates/Thumbnails/VR-Basic.uasset" 294
"../../../Engine/Content/MapTemplates/Sky/DaylightAmbientCubemap.uasset" 295
"../../../Engine/Content/MobileResources/T_MobileControls_texture.uasset" 296
"../../../Engine/Content/MobileResources/T_MobileMenu2.uasset" 297
"../../../Engine/Content/MobileResources/HUD/AnalogHat.uasset" 298
"../../../Engine/Content/MobileResources/HUD/VirtualJoystick_Background.uasset" 299
"../../../Engine/Content/MobileResources/HUD/VirtualJoystick_Thumb.uasset" 300
"../../../Engine/Content/MobileResources/HUD/DefaultVirtualJoysticks.uasset" 301
"../../../Engine/Content/MobileResources/HUD/LeftVirtualJoystickOnly.uasset" 302
"../../../Engine/Content/MobileResources/HUD/MobileHUDButton1_off.uasset" 303
"../../../Engine/Content/MobileResources/HUD/MobileHUDButton1_on.uasset" 304
"../../../Engine/Content/MobileResources/HUD/MobileHUDButton2_off.uasset" 305
"../../../Engine/Content/MobileResources/HUD/MobileHUDButton2_on.uasset" 306
"../../../Engine/Content/MobileResources/HUD/MobileHUDButton3.uasset" 307
"../../../Engine/Content/MobileResources/HUD/MobileHUDButtonFire.uasset" 308
"../../../Engine/Content/MobileResources/HUD/MobileHUDDirectionPad.uasset" 309
"../../../Engine/Content/MobileResources/HUD/MobileHUDDirectionPad2.uasset" 310
"../../../Engine/Content/MobileResources/HUD/MobileHUDDirectionPad3.uasset" 311
"../../../Engine/Content/MobileResources/HUD/MobileHUDDirectionStick.uasset" 312
"../../../Engine/Content/MobileResources/HUD/T_Castle_ThumbstickInner.uasset" 313
"../../../Engine/Content/MobileResources/HUD/T_Castle_ThumbstickOutter.uasset" 314
"../../../Engine/Content/Tutorial/ContentIntroCurve.uasset" 315
"../../../Engine/Content/Tutorial/Basics/LevelEditorAttract.uasset" 316
"../../../Engine/Content/Tutorial/Basics/TutorialAssets/icon_tab_Levels_40x.uasset" 317
"../../../Engine/Content/Tutorial/Basics/LevelEditorOverview.uasset" 318
"../../../Engine/Content/Tutorial/BlueprintTutorials/TutorialAssets/Blueprint_64x.uasset" 319
"../../../Engine/Content/Tutorial/BlueprintTutorials/BlueprintEditorTutorial.uasset" 320
"../../../Engine/Content/Tutorial/BlueprintTutorials/TutorialAssets/Tutorial_BP_MacroLib.uasset" 321
"../../../Engine/Content/VREditor/LaserPointer/VR_LaserPower_01.uasset" 322
"../../../Engine/Content/VREditor/TransformGizmo/TransformGizmoMaterial.uasset" 323
"../../../Engine/Content/VREditor/TransformGizmo/TranslucentTransformGizmoMaterial.uasset" 324
"../../../Engine/Content/VREditor/TransformGizmo/BoundingBoxCorner.uasset" 325
"../../../Engine/Content/VREditor/TransformGizmo/BoundingBoxEdge.uasset" 326
"../../../Engine/Content/VREditor/TransformGizmo/PlaneTranslationHandle.uasset" 327
"../../../Engine/Content/VREditor/TransformGizmo/Main.uasset" 328
"../../../Engine/Content/VREditor/TransformGizmo/Xray.uasset" 329
"../../../Engine/Content/VREditor/TransformGizmo/SM_Sequencer_Key.uasset" 330
"../../../Engine/Content/VREditor/TransformGizmo/SM_Sequencer_Node.uasset" 331
"../../../../../../Game Projects/TanksGame/Battlegrounds/Content/Blueprints/TankAIController_BP.uasset" 332
"../../../../../../Game Projects/TanksGame/Battlegrounds/Content/Blueprints/TankGameInstance_BP.uasset" 333
"../../../../../../Game Projects/TanksGame/Battlegrounds/Content/ButtonIcons/KeyboardMouse/Keyboard_Black_Arrow_Down.uasset" 334
"../../../../../../Game Projects/TanksGame/Battlegrounds/Content/ButtonIcons/KeyboardMouse/Keyboard_Black_Arrow_Left.uasset" 335
"../../../../../../Game Projects/TanksGame/Battlegrounds/Content/ButtonIcons/KeyboardMouse/Keyboard_Black_Arrow_Right.uasset" 336
"../../../../../../Game Projects/TanksGame/Battlegrounds/Content/ButtonIcons/KeyboardMouse/Keyboard_Black_Arrow_Up.uasset" 337
"../../../../../../Game Projects/TanksGame/Battlegrounds/Content/ButtonIcons/KeyboardMouse/Keyboard_Black_Mouse_Left.uasset" 338
"../../../../../../Game Projects/TanksGame/Battlegrounds/Content/ButtonIcons/KeyboardMouse/Keyboard_Black_Mouse_Middle.uasset" 339
"../../../../../../Game Projects/TanksGame/Battlegrounds/Content/ButtonIcons/KeyboardMouse/Keyboard_Black_Mouse_Right.uasset" 340
"../../../../../../Game Projects/TanksGame/Battlegrounds/Content/ButtonIcons/PlayStation/PS4_Circle.uasset" 341
"../../../../../../Game Projects/TanksGame/Battlegrounds/Content/ButtonIcons/PlayStation/PS4_Cross.uasset" 342
"../../../../../../Game Projects/TanksGame/Battlegrounds/Content/ButtonIcons/PlayStation/PS4_Dpad_Down.uasset" 343
"../../../../../../Game Projects/TanksGame/Battlegrounds/Content/ButtonIcons/PlayStation/PS4_Dpad_Left.uasset" 344
"../../../../../../Game Projects/TanksGame/Battlegrounds/Content/ButtonIcons/PlayStation/PS4_Dpad_Right.uasset" 345
"../../../../../../Game Projects/TanksGame/Battlegrounds/Content/ButtonIcons/PlayStation/PS4_Dpad_Up.uasset" 346
"../../../../../../Game Projects/TanksGame/Battlegrounds/Content/ButtonIcons/PlayStation/PS4_L1.uasset" 347
"../../../../../../Game Projects/TanksGame/Battlegrounds/Content/ButtonIcons/PlayStation/PS4_L2.uasset" 348
"../../../../../../Game Projects/TanksGame/Battlegrounds/Content/ButtonIcons/PlayStation/PS4_Left_Stick.uasset" 349
"../../../../../../Game Projects/TanksGame/Battlegrounds/Content/ButtonIcons/PlayStation/PS4_Options.uasset" 350
"../../../../../../Game Projects/TanksGame/Battlegrounds/Content/ButtonIcons/PlayStation/PS4_R1.uasset" 351
"../../../../../../Game Projects/TanksGame/Battlegrounds/Content/ButtonIcons/PlayStation/PS4_R2.uasset" 352
"../../../../../../Game Projects/TanksGame/Battlegrounds/Content/ButtonIcons/PlayStation/PS4_Right_Stick.uasset" 353
"../../../../../../Game Projects/TanksGame/Battlegrounds/Content/ButtonIcons/PlayStation/PS4_Share.uasset" 354
"../../../../../../Game Projects/TanksGame/Battlegrounds/Content/ButtonIcons/PlayStation/PS4_Square.uasset" 355
"../../../../../../Game Projects/TanksGame/Battlegrounds/Content/ButtonIcons/PlayStation/PS4_Triangle.uasset" 356
"../../../../../../Game Projects/TanksGame/Battlegrounds/Content/ButtonIcons/Xbox/XboxOne_A.uasset" 357
"../../../../../../Game Projects/TanksGame/Battlegrounds/Content/ButtonIcons/Xbox/XboxOne_B.uasset" 358
"../../../../../../Game Projects/TanksGame/Battlegrounds/Content/ButtonIcons/Xbox/XboxOne_Dpad_Down.uasset" 359
"../../../../../../Game Projects/TanksGame/Battlegrounds/Content/ButtonIcons/Xbox/XboxOne_Dpad_Left.uasset" 360
"../../../../../../Game Projects/TanksGame/Battlegrounds/Content/ButtonIcons/Xbox/XboxOne_Dpad_Right.uasset" 361
"../../../../../../Game Projects/TanksGame/Battlegrounds/Content/ButtonIcons/Xbox/XboxOne_Dpad_Up.uasset" 362
"../../../../../../Game Projects/TanksGame/Battlegrounds/Content/ButtonIcons/Xbox/XboxOne_LB.uasset" 363
"../../../../../../Game Projects/TanksGame/Battlegrounds/Content/ButtonIcons/Xbox/XboxOne_Left_Stick.uasset" 364
"../../../../../../Game Projects/TanksGame/Battlegrounds/Content/ButtonIcons/Xbox/XboxOne_LT.uasset" 365
"../../../../../../Game Projects/TanksGame/Battlegrounds/Content/ButtonIcons/Xbox/XboxOne_Menu.uasset" 366
"../../../../../../Game Projects/TanksGame/Battlegrounds/Content/ButtonIcons/Xbox/XboxOne_RB.uasset" 367
"../../../../../../Game Projects/TanksGame/Battlegrounds/Content/ButtonIcons/Xbox/XboxOne_Right_Stick.uasset" 368
"../../../../../../Game Projects/TanksGame/Battlegrounds/Content/ButtonIcons/Xbox/XboxOne_RT.uasset" 369
"../../../../../../Game Projects/TanksGame/Battlegrounds/Content/ButtonIcons/Xbox/XboxOne_Windows.uasset" 370
"../../../../../../Game Projects/TanksGame/Battlegrounds/Content/ButtonIcons/Xbox/XboxOne_X.uasset" 371
"../../../../../../Game Projects/TanksGame/Battlegrounds/Content/ButtonIcons/Xbox/XboxOne_Y.uasset" 372
"../../../Engine/Content/Animation/DefaultAnimCurveCompressionSettings.uasset" 373
"../../../Engine/Content/ArtTools/RenderToTexture/Enums/RenderToTexture_Enum.uasset" 374
"../../../Engine/Content/ArtTools/RenderToTexture/Enums/RenderToTexture_Flipbook_Enum.uasset" 375
"../../../Engine/Content/ArtTools/RenderToTexture/Enums/RenderToTexture_Imposter_Enum.uasset" 376
"../../../Engine/Content/EditorBlueprintResources/StandardMacros.uasset" 377
"../../../Engine/Content/ArtTools/RenderToTexture/Enums/EIntTypes.uasset" 378
"../../../Engine/Content/ArtTools/RenderToTexture/Macros/RenderToTextureFunctionLibrary.uasset" 379
"../../../Engine/Content/ArtTools/RenderToTexture/Enums/EFloatTypes.uasset" 380
"../../../Engine/Content/ArtTools/RenderToTexture/Macros/RenderToTextureMacros.uasset" 381
"../../Plugins/2D/Paper2D/Content/PlaceholderTextures/DummySpriteTexture.uasset" 382
"../../Plugins/2D/Paper2D/Content/DummySprite.uasset" 383
"../../Plugins/2D/Paper2D/Content/DefaultPaperTerrainMaterial.uasset" 384
"../../Plugins/2D/Paper2D/Content/DefaultSpriteMaterial.uasset" 385
"../../Plugins/2D/Paper2D/Content/MaskedUnlitSpriteMaterial.uasset" 386
"../../Plugins/2D/Paper2D/Content/OpaqueUnlitSpriteMaterial.uasset" 387
"../../Plugins/Enterprise/DatasmithContent/Content/Blueprints/FBXImporter/FBXImporterUtils.uasset" 388
"../../../Engine/Content/Functions/Engine_MaterialFunctions02/Utility/BreakOutFloat4Components.uasset" 389
"../../Plugins/Runtime/Oculus/OculusVR/Content/Materials/OculusMR_ChromaKey.uasset" 390
"../../Plugins/Runtime/Oculus/OculusVR/Content/Materials/OculusMR_ChromaKey_Lit.uasset" 391
"../../Plugins/Runtime/Oculus/OculusVR/Content/Materials/OculusMR_OpaqueColoredMaterial.uasset" 392
"../../Plugins/Runtime/Oculus/OculusVR/Content/Materials/OculusMR_WhiteMaterial.uasset" 393
"../../../Engine/Content/Maps/Entry_BuiltData.uasset" 394
"../../../Engine/Content/Maps/Entry.umap" 395
"../../../../../../Game Projects/TanksGame/Battlegrounds/Content/UI/inktank.uasset" 396
"../../../../../../Game Projects/TanksGame/Battlegrounds/Content/UI/inktank_Font.uasset" 397
"../../../../../../Game Projects/TanksGame/Battlegrounds/Content/UI/Snow_Tank.uasset" 398
"../../../../../../Game Projects/TanksGame/Battlegrounds/Content/UI/Main_Menu.uasset" 399
"../../../../../../Game Projects/TanksGame/Battlegrounds/Content/Maps/Main_Menu/Main_Menu.umap" 400
"../../../Engine/Content/EngineSky/C_Sky_Cloud_Color.uasset" 401
"../../../Engine/Content/EngineSky/C_Sky_Horizon_Color.uasset" 402
"../../../Engine/Content/EngineSky/C_Sky_Zenith_Color.uasset" 403
"../../../Engine/Content/EngineSky/T_Sky_Blue.uasset" 404
"../../../Engine/Content/EngineSky/T_Sky_Clouds_M.uasset" 405
"../../../Engine/Content/EngineSky/T_Sky_Stars.uasset" 406
"../../../Engine/Content/EngineSky/M_Sky_Panning_Clouds2.uasset" 407
"../../../Engine/Content/EngineSky/SM_SkySphere.uasset" 408
"../../../Engine/Content/EngineSky/BP_Sky_Sphere.uasset" 409
"../../../../../../Game Projects/TanksGame/Battlegrounds/Content/Assets/Models/Projectile.uasset" 410
"../../../../../../Game Projects/TanksGame/Battlegrounds/Content/Assets/Textures/T_Burst_M.uasset" 411
"../../../../../../Game Projects/TanksGame/Battlegrounds/Content/Assets/Particles/Materials/M_Burst.uasset" 412
"../../../../../../Game Projects/TanksGame/Battlegrounds/Content/Assets/Textures/T_Explosion_SubUV.uasset" 413
"../../../../../../Game Projects/TanksGame/Battlegrounds/Content/Assets/Particles/Materials/M_explosion_subUV.uasset" 414
"../../../../../../Game Projects/TanksGame/Battlegrounds/Content/Assets/Particles/Materials/m_flare_01.uasset" 415
"../../../../../../Game Projects/TanksGame/Battlegrounds/Content/Assets/Textures/T_Smoke_SubUV.uasset" 416
"../../../../../../Game Projects/TanksGame/Battlegrounds/Content/Assets/Textures/T_Smoke_Tiled_D.uasset" 417
"../../../../../../Game Projects/TanksGame/Battlegrounds/Content/Assets/Particles/Materials/M_smoke_subUV.uasset" 418
"../../../../../../Game Projects/TanksGame/Battlegrounds/Content/Assets/Particles/ImpactBlast.uasset" 419
"../../../../../../Game Projects/TanksGame/Battlegrounds/Content/Assets/Particles/LaunchBlast.uasset" 420
"../../../../../../Game Projects/TanksGame/Battlegrounds/Content/Blueprints/Projectile_BP.uasset" 421
"../../../../../../Game Projects/TanksGame/Battlegrounds/Content/Blueprints/TankShocks_BP.uasset" 422
"../../../../../../Game Projects/TanksGame/Battlegrounds/Content/UI/HealthBar.uasset" 423
"../../../../../../Game Projects/TanksGame/Battlegrounds/Content/Assets/Models/Tank_Wu/tank_fbx_Barrel.uasset" 424
"../../../../../../Game Projects/TanksGame/Battlegrounds/Content/Assets/Models/Tank_Wu/tank_fbx_Body.uasset" 425
"../../../../../../Game Projects/TanksGame/Battlegrounds/Content/Assets/Models/Tank_Wu/tank_fbx_Track.uasset" 426
"../../../../../../Game Projects/TanksGame/Battlegrounds/Content/Assets/Models/Tank_Wu/tank_fbx_Turret.uasset" 427
"../../../../../../Game Projects/TanksGame/Battlegrounds/Content/Blueprints/Tank_BP1.uasset" 428
"../../Plugins/Marketplace/AutoSettings/Content/RadioSelect/DefaultRadioButton.uasset" 429
"../../Plugins/Marketplace/AutoSettings/Content/RadioSelect/VerticalRadioSelect.uasset" 430
"../../../../../../Game Projects/TanksGame/Battlegrounds/Content/UI/CategoryButton.uasset" 431
"../../../../../../Game Projects/TanksGame/Battlegrounds/Content/UI/CloseIcon.uasset" 432
"../../../../../../Game Projects/TanksGame/Battlegrounds/Content/UI/Pages/AudioSettingsPage.uasset" 433
"../../../../../../Game Projects/TanksGame/Battlegrounds/Content/UI/Textures/T_Button.uasset" 434
"../../../../../../Game Projects/TanksGame/Battlegrounds/Content/UI/Textures/T_ButtonHover.uasset" 435
"../../../../../../Game Projects/TanksGame/Battlegrounds/Content/UI/Textures/T_ButtonPress.uasset" 436
"../../../../../../Game Projects/TanksGame/Battlegrounds/Content/UI/Pages/CloseGamePage.uasset" 437
"../../Plugins/Marketplace/AutoSettings/Content/RadioSelect/HorizontalRadioSelect.uasset" 438
"../../Plugins/Marketplace/AutoSettings/Content/SettingControls/DefaultRadioSelectSetting.uasset" 439
"../../../../../../Game Projects/TanksGame/Battlegrounds/Content/UI/InputRow.uasset" 440
"../../../../../../Game Projects/TanksGame/Battlegrounds/Content/UI/StyledAutoSettings/Input/StyledKeyLabel.uasset" 441
"../../../../../../Game Projects/TanksGame/Battlegrounds/Content/UI/StyledAutoSettings/Input/StyledKeySeparator.uasset" 442
"../../../../../../Game Projects/TanksGame/Battlegrounds/Content/UI/StyledAutoSettings/Input/StyledActionLabel.uasset" 443
"../../../../../../Game Projects/TanksGame/Battlegrounds/Content/UI/StyledAutoSettings/Input/StyledBindCapturePrompt.uasset" 444
"../../../../../../Game Projects/TanksGame/Battlegrounds/Content/UI/StyledAutoSettings/Input/StyledBindCaptureButton.uasset" 445
"../../../../../../Game Projects/TanksGame/Battlegrounds/Content/UI/StyledAutoSettings/Input/StyledActionMapping.uasset" 446
"../../../../../../Game Projects/TanksGame/Battlegrounds/Content/UI/StyledAutoSettings/Input/StyledAxisLabel.uasset" 447
"../../../../../../Game Projects/TanksGame/Battlegrounds/Content/UI/StyledAutoSettings/Input/StyledAxisMapping.uasset" 448
"../../../../../../Game Projects/TanksGame/Battlegrounds/Content/UI/StyledAutoSettings/StyledRadioButton.uasset" 449
"../../../../../../Game Projects/TanksGame/Battlegrounds/Content/UI/Pages/InputSettingsPage.uasset" 450
"../../Plugins/Marketplace/AutoSettings/Content/SettingControls/DefaultCheckBoxSetting.uasset" 451
"../../../../../../Game Projects/TanksGame/Battlegrounds/Content/UI/StyledAutoSettings/SettingControls/StyledComboBoxSetting.uasset" 452
"../../Plugins/Marketplace/AutoSettings/Content/Spinner/T_ArrowRight.uasset" 453
"../../Plugins/Marketplace/AutoSettings/Content/Spinner/M_ArrowLeft.uasset" 454
"../../Plugins/Marketplace/AutoSettings/Content/Spinner/M_ArrowRight.uasset" 455
"../../../../../../Game Projects/TanksGame/Battlegrounds/Content/UI/StyledAutoSettings/StyledSpinner.uasset" 456
"../../../../../../Game Projects/TanksGame/Battlegrounds/Content/UI/StyledAutoSettings/SettingControls/StyledSpinnerSetting.uasset" 457
"../../../../../../Game Projects/TanksGame/Battlegrounds/Content/UI/Pages/VideoSettingsPage.uasset" 458
"../../../../../../Game Projects/TanksGame/Battlegrounds/Content/UI/SettingsUI.uasset" 459
"../../../../../../Game Projects/TanksGame/Battlegrounds/Content/UI/PlayerUI.uasset" 460
"../../../../../../Game Projects/TanksGame/Battlegrounds/Content/Blueprints/TankPlayerController_BP.uasset" 461
"../../../../../../Game Projects/TanksGame/Battlegrounds/Content/Blueprints/BattlegroundsGameMode_BP.uasset" 462
"../../../Engine/Content/Functions/Engine_MaterialFunctions01/AlphaBlend/WorldAlignedBlend.uasset" 463
"../../../Engine/Content/Functions/Engine_MaterialFunctions01/Gradient/LinearGradient.uasset" 464
"../../../Engine/Content/Functions/Engine_MaterialFunctions01/ImageAdjustment/CheapContrast.uasset" 465
"../../../Engine/Content/Functions/Engine_MaterialFunctions01/Texturing/WorldAlignedTexture.uasset" 466
"../../../Engine/Content/Functions/Engine_MaterialFunctions03/Blends/Blend_Darken.uasset" 467
"../../../Engine/Content/Functions/Engine_MaterialFunctions03/Blends/Blend_Lighten.uasset" 468
"../../../Engine/Content/Functions/Engine_MaterialFunctions03/Blends/Blend_Overlay.uasset" 469
"../../../../../../Game Projects/TanksGame/Battlegrounds/Content/Brushify/Materials/Landscape/Textures/Grass/T_Grass_D.uasset" 470
"../../../../../../Game Projects/TanksGame/Battlegrounds/Content/Brushify/Materials/Landscape/Textures/T_Default_N.uasset" 471
"../../../../../../Game Projects/TanksGame/Battlegrounds/Content/Brushify/Materials/Landscape/Textures/T_ErosionMask.uasset" 472
"../../../../../../Game Projects/TanksGame/Battlegrounds/Content/Brushify/Meshes/Cliffs/Textures/T_CliffSurface_Snow_D.uasset" 473
"../../../../../../Game Projects/TanksGame/Battlegrounds/Content/Brushify/Materials/M_NearMesh_Master.uasset" 474
"../../../../../../Game Projects/TanksGame/Battlegrounds/Content/Brushify/Meshes/Cliffs/Meshes/Slab_01/Textures/T_Slab_01_N.uasset" 475
"../../../../../../Game Projects/TanksGame/Battlegrounds/Content/Brushify/Meshes/Cliffs/Meshes/Pebbles_01/MI_Pebbles_01_snow.uasset" 476
"../../../../../../Game Projects/TanksGame/Battlegrounds/Content/Brushify/Meshes/Cliffs/Meshes/Pebbles_01/S_Pebbles_01_snow.uasset" 477
"../../../../../../Game Projects/TanksGame/Battlegrounds/Content/Brushify/Materials/Landscape/GrassTypes/LG_Snow.uasset" 478
"../../../../../../Game Projects/TanksGame/Battlegrounds/Content/Brushify/Meshes/Cliffs/Meshes/Slab_01/Textures/T_Slab_01_D.uasset" 479
"../../../../../../Game Projects/TanksGame/Battlegrounds/Content/Brushify/Meshes/Cliffs/Textures/T_CliffSurface_D.uasset" 480
"../../../../../../Game Projects/TanksGame/Battlegrounds/Content/Brushify/Meshes/Cliffs/Meshes/Slab_01/MI_Cliff_Slab_01_Snow.uasset" 481
"../../../../../../Game Projects/TanksGame/Battlegrounds/Content/Brushify/Meshes/Cliffs/Meshes/Slab_01/S_Cliff_Slab_01_Snow.uasset" 482
"../../../../../../Game Projects/TanksGame/Battlegrounds/Content/Brushify/Meshes/Cliffs/Meshes/Slab_02/Textures/T_Slab_02_D.uasset" 483
"../../../../../../Game Projects/TanksGame/Battlegrounds/Content/Brushify/Meshes/Cliffs/Meshes/Slab_02/Textures/T_Slab_02_N.uasset" 484
"../../../../../../Game Projects/TanksGame/Battlegrounds/Content/Brushify/Meshes/Cliffs/Meshes/Slab_02/MI_Cliff_Slab_02_Snow.uasset" 485
"../../../../../../Game Projects/TanksGame/Battlegrounds/Content/Brushify/Meshes/Cliffs/Meshes/Slab_02/S_Cliff_Slab_02_Snow.uasset" 486
"../../../../../../Game Projects/TanksGame/Battlegrounds/Content/Brushify/Materials/Landscape/GrassTypes/LG_SnowRocks.uasset" 487
"../../../../../../Game Projects/TanksGame/Battlegrounds/Content/Maps/Snow_Battlegrounds/SnowGrounds_sharedassets/Snow_LayerInfo.uasset" 488
"../../../../../../Game Projects/TanksGame/Battlegrounds/Content/Maps/Snow_Battlegrounds/SnowGrounds_BuiltData.uasset" 489
"../../../../../../Game Projects/TanksGame/Battlegrounds/Content/Brushify/Meshes/Cliffs/Textures/T_CliffSurface_Desert_D.uasset" 490
"../../../../../../Game Projects/TanksGame/Battlegrounds/Content/Brushify/Meshes/Cliffs/Meshes/Pebbles_01/MI_Pebbles_01_beach.uasset" 491
"../../../../../../Game Projects/TanksGame/Battlegrounds/Content/Brushify/Meshes/Cliffs/Meshes/Pebbles_01/S_Pebbles_01_beach.uasset" 492
"../../../../../../Game Projects/TanksGame/Battlegrounds/Content/Brushify/Materials/Landscape/GrassTypes/LG_Beach.uasset" 493
"../../../../../../Game Projects/TanksGame/Battlegrounds/Content/Brushify/Meshes/Cliffs/Meshes/Slab_01/MI_Cliff_Slab_01.uasset" 494
"../../../../../../Game Projects/TanksGame/Battlegrounds/Content/Brushify/Meshes/Cliffs/Meshes/Slab_01/S_Cliff_Slab_01.uasset" 495
"../../../../../../Game Projects/TanksGame/Battlegrounds/Content/Brushify/Meshes/Cliffs/Meshes/Slab_02/MI_Cliff_Slab_02.uasset" 496
"../../../../../../Game Projects/TanksGame/Battlegrounds/Content/Brushify/Meshes/Cliffs/Meshes/Slab_02/S_Cliff_Slab_02.uasset" 497
"../../../Engine/Content/Functions/Engine_MaterialFunctions01/Shading/FuzzyShadingGrass.uasset" 498
"../../../Engine/Content/Functions/Engine_MaterialFunctions01/WorldPositionOffset/SimpleGrassWind.uasset" 499
"../../../../../../Game Projects/TanksGame/Battlegrounds/Content/Brushify/Materials/Landscape/Collections/PlayerPosition.uasset" 500
"../../../../../../Game Projects/TanksGame/Battlegrounds/Content/Brushify/Meshes/Foliage/Ground/Grass/Textures/T_grass_vertexbending_D.uasset" 501
"../../../../../../Game Projects/TanksGame/Battlegrounds/Content/Brushify/Materials/M_Grass_Master.uasset" 502
"../../../../../../Game Projects/TanksGame/Battlegrounds/Content/Brushify/Meshes/Foliage/Ground/Grass/Textures/T_Grass_D.uasset" 503
"../../../../../../Game Projects/TanksGame/Battlegrounds/Content/Brushify/Meshes/Foliage/Ground/Clovers/MI_Clovers.uasset" 504
"../../../../../../Game Projects/TanksGame/Battlegrounds/Content/Brushify/Meshes/Foliage/Ground/Clovers/S_Clovers_01.uasset" 505
"../../../../../../Game Projects/TanksGame/Battlegrounds/Content/Brushify/Meshes/Foliage/Ground/Flowers/MI_Flowers.uasset" 506
"../../../../../../Game Projects/TanksGame/Battlegrounds/Content/Brushify/Meshes/Foliage/Ground/Flowers/S_Flower_02_Blue.uasset" 507
"../../../../../../Game Projects/TanksGame/Battlegrounds/Content/Brushify/Meshes/Foliage/Ground/Flowers/S_Flower_02_Pink.uasset" 508
"../../../../../../Game Projects/TanksGame/Battlegrounds/Content/Brushify/Meshes/Foliage/Ground/Flowers/S_Flower_02_Yellow.uasset" 509
"../../../../../../Game Projects/TanksGame/Battlegrounds/Content/Brushify/Meshes/Foliage/Ground/Flowers/S_Flowers_01_Large.uasset" 510
"../../../../../../Game Projects/TanksGame/Battlegrounds/Content/Brushify/Meshes/Foliage/Ground/Flowers/S_Flowers_01_Small.uasset" 511
"../../../../../../Game Projects/TanksGame/Battlegrounds/Content/Brushify/Meshes/Foliage/Ground/Grass/MI_Grass.uasset" 512
"../../../../../../Game Projects/TanksGame/Battlegrounds/Content/Brushify/Meshes/Foliage/Ground/Grass/S_Grass.uasset" 513
"../../../../../../Game Projects/TanksGame/Battlegrounds/Content/Brushify/Materials/Landscape/GrassTypes/LG_Forest.uasset" 514
"../../../../../../Game Projects/TanksGame/Battlegrounds/Content/Brushify/Meshes/Cliffs/Meshes/Pebbles_01/MI_Pebbles_01.uasset" 515
"../../../../../../Game Projects/TanksGame/Battlegrounds/Content/Brushify/Meshes/Cliffs/Meshes/Pebbles_01/S_Pebbles_01.uasset" 516
"../../../../../../Game Projects/TanksGame/Battlegrounds/Content/Brushify/Meshes/Foliage/Ground/Clovers/S_Clovers_02.uasset" 517
"../../../../../../Game Projects/TanksGame/Battlegrounds/Content/Brushify/Materials/Landscape/GrassTypes/LG_Grass.uasset" 518
"../../../../../../Game Projects/TanksGame/Battlegrounds/Content/Brushify/Meshes/Cliffs/Meshes/Pebbles_01/MI_Pebbles_01_DRY.uasset" 519
"../../../../../../Game Projects/TanksGame/Battlegrounds/Content/Brushify/Meshes/Cliffs/Meshes/Pebbles_01/S_Pebbles_01_dry.uasset" 520
"../../../Engine/Content/EngineResources/DefaultTexture.uasset" 521
"../../../../../../Game Projects/TanksGame/Battlegrounds/Content/Brushify/Meshes/Foliage/Ground/Clovers/MI_Clovers_Dry.uasset" 522
"../../../../../../Game Projects/TanksGame/Battlegrounds/Content/Brushify/Meshes/Foliage/Ground/Clovers/S_Clovers_01_Dry.uasset" 523
"../../../../../../Game Projects/TanksGame/Battlegrounds/Content/Brushify/Meshes/Foliage/Ground/Clovers/S_Clovers_02_Dry.uasset" 524
"../../../../../../Game Projects/TanksGame/Battlegrounds/Content/Brushify/Meshes/Foliage/Ground/Grass/MI_GrassDry.uasset" 525
"../../../../../../Game Projects/TanksGame/Battlegrounds/Content/Brushify/Meshes/Foliage/Ground/Grass/S_GrassDry.uasset" 526
"../../../../../../Game Projects/TanksGame/Battlegrounds/Content/Brushify/Materials/Landscape/GrassTypes/LG_GrassDry.uasset" 527
"../../../../../../Game Projects/TanksGame/Battlegrounds/Content/Brushify/Meshes/Cliffs/Meshes/Pebbles_01/MI_Pebbles_01_mud.uasset" 528
"../../../../../../Game Projects/TanksGame/Battlegrounds/Content/Brushify/Meshes/Cliffs/Meshes/Pebbles_01/S_Pebbles_01_mud.uasset" 529
"../../../../../../Game Projects/TanksGame/Battlegrounds/Content/Brushify/Materials/Landscape/GrassTypes/LG_Mud.uasset" 530
"../../../../../../Game Projects/TanksGame/Battlegrounds/Content/Brushify/Materials/Landscape/GrassTypes/LG_Rocks.uasset" 531
"../../../Engine/Content/Functions/Engine_MaterialFunctions01/Texturing/SlopeMask.uasset" 532
"../../../Engine/Content/Functions/Engine_MaterialFunctions03/Blends/Blend_ColorBurn.uasset" 533
"../../../../../../Game Projects/TanksGame/Battlegrounds/Content/Brushify/Materials/Landscape/Functions/MF_LandscapeBlend.uasset" 534
"../../../../../../Game Projects/TanksGame/Battlegrounds/Content/Brushify/Materials/Landscape/Functions/MF_LandscapeCamera.uasset" 535
"../../../../../../Game Projects/TanksGame/Battlegrounds/Content/Brushify/Materials/Landscape/Functions/MF_LandscapeTilingAndDistance.uasset" 536
"../../../../../../Game Projects/TanksGame/Battlegrounds/Content/Brushify/Materials/Landscape/Textures/Beach/T_Beach_N.uasset" 537
"../../../../../../Game Projects/TanksGame/Battlegrounds/Content/Brushify/Materials/Landscape/Materials/MF_Beach_Normals.uasset" 538
"../../../../../../Game Projects/TanksGame/Battlegrounds/Content/Brushify/Materials/Landscape/Textures/Beach/T_Beach_D.uasset" 539
"../../../../../../Game Projects/TanksGame/Battlegrounds/Content/Brushify/Materials/Landscape/Materials/MF_Beach.uasset" 540
"../../../../../../Game Projects/TanksGame/Battlegrounds/Content/Brushify/Materials/Landscape/Textures/Rock/T_RockMacro_N.uasset" 541
"../../../../../../Game Projects/TanksGame/Battlegrounds/Content/Brushify/Meshes/Cliffs/Textures/T_CliffSurface_N.uasset" 542
"../../../../../../Game Projects/TanksGame/Battlegrounds/Content/Brushify/Materials/Landscape/Materials/MF_Rock_Normals.uasset" 543
"../../../../../../Game Projects/TanksGame/Battlegrounds/Content/Brushify/Meshes/Cliffs/Textures/T_CliffSurface_Coast_D.uasset" 544
"../../../../../../Game Projects/TanksGame/Battlegrounds/Content/Brushify/Materials/Landscape/Materials/MF_CoastRock.uasset" 545
"../../../../../../Game Projects/TanksGame/Battlegrounds/Content/Brushify/Materials/Landscape/Textures/Desert/T_Desert_N.uasset" 546
"../../../../../../Game Projects/TanksGame/Battlegrounds/Content/Brushify/Materials/Landscape/Textures/Desert/T_DesertRock_DetailN.uasset" 547
"../../../../../../Game Projects/TanksGame/Battlegrounds/Content/Brushify/Materials/Landscape/Materials/MF_Desert_Normals.uasset" 548
"../../../../../../Game Projects/TanksGame/Battlegrounds/Content/Brushify/Materials/Landscape/Textures/Desert/T_Desert_D.uasset" 549
"../../../../../../Game Projects/TanksGame/Battlegrounds/Content/Brushify/Materials/Landscape/Textures/Desert/T_DesertRock_Detail_D.uasset" 550
"../../../../../../Game Projects/TanksGame/Battlegrounds/Content/Brushify/Materials/Landscape/Materials/MF_Desert.uasset" 551
"../../../../../../Game Projects/TanksGame/Battlegrounds/Content/Brushify/Materials/Landscape/Materials/MF_DesertRock_Normals.uasset" 552
"../../../../../../Game Projects/TanksGame/Battlegrounds/Content/Brushify/Materials/Landscape/Textures/Desert/T_DesertRidges_D.uasset" 553
"../../../../../../Game Projects/TanksGame/Battlegrounds/Content/Brushify/Materials/Landscape/Materials/MF_DesertRidges.uasset" 554
"../../../../../../Game Projects/TanksGame/Battlegrounds/Content/Brushify/Materials/Landscape/Textures/Dunes/T_Dunes_N.uasset" 555
"../../../../../../Game Projects/TanksGame/Battlegrounds/Content/Brushify/Materials/Landscape/Materials/MF_Dunes_Normals.uasset" 556
"../../../../../../Game Projects/TanksGame/Battlegrounds/Content/Brushify/Materials/Landscape/Textures/Dunes/T_Dunes_D.uasset" 557
"../../../../../../Game Projects/TanksGame/Battlegrounds/Content/Brushify/Materials/Landscape/Materials/MF_Dunes.uasset" 558
"../../../../../../Game Projects/TanksGame/Battlegrounds/Content/Brushify/Materials/Landscape/Textures/Forest/T_Forest_Detail_N.uasset" 559
"../../../../../../Game Projects/TanksGame/Battlegrounds/Content/Brushify/Materials/Landscape/Textures/Forest/T_Forest_N.uasset" 560
"../../../../../../Game Projects/TanksGame/Battlegrounds/Content/Brushify/Materials/Landscape/Materials/MF_Forest_Normals.uasset" 561
"../../../../../../Game Projects/TanksGame/Battlegrounds/Content/Brushify/Materials/Landscape/Textures/Forest/T_Forest_D.uasset" 562
"../../../../../../Game Projects/TanksGame/Battlegrounds/Content/Brushify/Materials/Landscape/Textures/Forest/T_Forest_Detail_D.uasset" 563
"../../../../../../Game Projects/TanksGame/Battlegrounds/Content/Brushify/Materials/Landscape/Materials/MF_Forest.uasset" 564
"../../../../../../Game Projects/TanksGame/Battlegrounds/Content/Brushify/Materials/Landscape/Textures/Forest/T_ForestDry_D.uasset" 565
"../../../../../../Game Projects/TanksGame/Battlegrounds/Content/Brushify/Materials/Landscape/Textures/Grass/T_Grass_Detail_D.uasset" 566
"../../../../../../Game Projects/TanksGame/Battlegrounds/Content/Brushify/Materials/Landscape/Materials/MF_ForestDry.uasset" 567
"../../../../../../Game Projects/TanksGame/Battlegrounds/Content/Brushify/Materials/Landscape/Textures/Grass/T_Grass_Detail_N.uasset" 568
"../../../../../../Game Projects/TanksGame/Battlegrounds/Content/Brushify/Materials/Landscape/Textures/Grass/T_Grass_N.uasset" 569
"../../../../../../Game Projects/TanksGame/Battlegrounds/Content/Brushify/Materials/Landscape/Materials/MF_Grass_Normals.uasset" 570
"../../../../../../Game Projects/TanksGame/Battlegrounds/Content/Brushify/Materials/Landscape/Materials/MF_Grass.uasset" 571
"../../../../../../Game Projects/TanksGame/Battlegrounds/Content/Brushify/Materials/Landscape/Textures/Grass/T_GrassDry_D.uasset" 572
"../../../../../../Game Projects/TanksGame/Battlegrounds/Content/Brushify/Materials/Landscape/Textures/Grass/T_GrassDry_Detail_D.uasset" 573
"../../../../../../Game Projects/TanksGame/Battlegrounds/Content/Brushify/Materials/Landscape/Materials/MF_GrassDry.uasset" 574
"../../../../../../Game Projects/TanksGame/Battlegrounds/Content/Brushify/Materials/Landscape/Textures/Mud/T_Mud_H.uasset" 575
"../../../../../../Game Projects/TanksGame/Battlegrounds/Content/Brushify/Materials/Landscape/Textures/Mud/T_MudDistance_H.uasset" 576
"../../../../../../Game Projects/TanksGame/Battlegrounds/Content/Brushify/Materials/Landscape/Materials/MF_Mud_Height.uasset" 577
"../../../../../../Game Projects/TanksGame/Battlegrounds/Content/Brushify/Materials/Landscape/Textures/Mud/T_Mud_N.uasset" 578
"../../../../../../Game Projects/TanksGame/Battlegrounds/Content/Brushify/Materials/Landscape/Materials/MF_Mud_Normals.uasset" 579
"../../../../../../Game Projects/TanksGame/Battlegrounds/Content/Brushify/Materials/Landscape/Textures/Mud/T_Mud_R.uasset" 580
"../../../../../../Game Projects/TanksGame/Battlegrounds/Content/Brushify/Materials/Landscape/Textures/Mud/T_MudDistance_R.uasset" 581
"../../../../../../Game Projects/TanksGame/Battlegrounds/Content/Brushify/Materials/Landscape/Materials/MF_Mud_Roughness.uasset" 582
"../../../../../../Game Projects/TanksGame/Battlegrounds/Content/Brushify/Materials/Landscape/Textures/Mud/T_Mud_D.uasset" 583
"../../../../../../Game Projects/TanksGame/Battlegrounds/Content/Brushify/Materials/Landscape/Textures/Mud/T_MudDistance_D.uasset" 584
"../../../../../../Game Projects/TanksGame/Battlegrounds/Content/Brushify/Materials/Landscape/Materials/MF_Mud.uasset" 585
"../../../../../../Game Projects/TanksGame/Battlegrounds/Content/Brushify/Materials/Landscape/Textures/Puddles/T_Puddles_H.uasset" 586
"../../../../../../Game Projects/TanksGame/Battlegrounds/Content/Brushify/Materials/Landscape/Materials/MF_Puddles_Height.uasset" 587
"../../../../../../Game Projects/TanksGame/Battlegrounds/Content/Brushify/Materials/Landscape/Textures/Puddles/T_Puddles_N.uasset" 588
"../../../../../../Game Projects/TanksGame/Battlegrounds/Content/Brushify/Materials/Landscape/Materials/MF_Puddles_Normals.uasset" 589
"../../../../../../Game Projects/TanksGame/Battlegrounds/Content/Brushify/Materials/Landscape/Textures/Puddles/T_Puddles_R.uasset" 590
"../../../../../../Game Projects/TanksGame/Battlegrounds/Content/Brushify/Materials/Landscape/Materials/MF_Puddles_Roughness.uasset" 591
"../../../../../../Game Projects/TanksGame/Battlegrounds/Content/Brushify/Materials/Landscape/Textures/Puddles/T_Puddles_D.uasset" 592
"../../../../../../Game Projects/TanksGame/Battlegrounds/Content/Brushify/Materials/Landscape/Materials/MF_Puddles.uasset" 593
"../../../../../../Game Projects/TanksGame/Battlegrounds/Content/Brushify/Materials/Landscape/Textures/Rock/T_Rock_D.uasset" 594
"../../../../../../Game Projects/TanksGame/Battlegrounds/Content/Brushify/Materials/Landscape/Materials/MF_Rock.uasset" 595
"../../../../../../Game Projects/TanksGame/Battlegrounds/Content/Brushify/Materials/Landscape/Materials/MF_RockSnow_Normals.uasset" 596
"../../../../../../Game Projects/TanksGame/Battlegrounds/Content/Brushify/Materials/Landscape/Materials/MF_RockSnow.uasset" 597
"../../../../../../Game Projects/TanksGame/Battlegrounds/Content/Brushify/Materials/Landscape/Textures/Snow/T_Snow_D.uasset" 598
"../../../../../../Game Projects/TanksGame/Battlegrounds/Content/Brushify/Materials/Landscape/Textures/Snow/T_Snowflows_D.uasset" 599
"../../../../../../Game Projects/TanksGame/Battlegrounds/Content/Brushify/Materials/Landscape/Materials/MF_Snow.uasset" 600
"../../../../../../Game Projects/TanksGame/Battlegrounds/Content/Brushify/Materials/Landscape/Functions/MF_LandscapeLayers.uasset" 601
"../../../../../../Game Projects/TanksGame/Battlegrounds/Content/Brushify/Materials/Landscape/Functions/MF_Tessellation.uasset" 602
"../../../../../../Game Projects/TanksGame/Battlegrounds/Content/Brushify/Materials/Landscape/Materials/MF_Noise.uasset" 603
"../../../../../../Game Projects/TanksGame/Battlegrounds/Content/Brushify/Materials/Landscape/M_Landscape.uasset" 604
"../../../../../../Game Projects/TanksGame/Battlegrounds/Content/Brushify/Materials/Landscape/MI_Landscape.uasset" 605
"../../../../../../Game Projects/TanksGame/Battlegrounds/Content/Maps/Snow_Battlegrounds/SnowGrounds.umap" 606
